
*** Running vivado
    with args -log priority_encoder.vds -m64 -mode batch -messageDb vivado.pb -notrace -source priority_encoder.tcl


****** Vivado v2016.2 (64-bit)
  **** SW Build 1577090 on Thu Jun  2 16:32:40 MDT 2016
  **** IP Build 1577682 on Fri Jun  3 12:00:54 MDT 2016
    ** Copyright 1986-2016 Xilinx, Inc. All Rights Reserved.

source priority_encoder.tcl -notrace
Command: synth_design -top priority_encoder -part xc7a100tcsg324-1
Starting synth_design
Attempting to get a license for feature 'Synthesis' and/or device 'xc7a100t'
INFO: [Common 17-349] Got license for feature 'Synthesis' and/or device 'xc7a100t'
INFO: Launching helper process for spawning children vivado processes
INFO: Helper process launched with PID 5488 
---------------------------------------------------------------------------------
Starting RTL Elaboration : Time (s): cpu = 00:00:04 ; elapsed = 00:00:07 . Memory (MB): peak = 294.652 ; gain = 86.969
---------------------------------------------------------------------------------
INFO: [Synth 8-638] synthesizing module 'priority_encoder' [H:/EECS_443/Xilinx_Vivado_Projects/lab_4/8-to-3 Priority Encoder/8-to-3 Priority Encoder.srcs/sources_1/new/Encoder8to3.vhd:42]
INFO: [Synth 8-256] done synthesizing module 'priority_encoder' (1#1) [H:/EECS_443/Xilinx_Vivado_Projects/lab_4/8-to-3 Priority Encoder/8-to-3 Priority Encoder.srcs/sources_1/new/Encoder8to3.vhd:42]
WARNING: [Synth 8-3331] design priority_encoder has unconnected port S[0]
---------------------------------------------------------------------------------
Finished RTL Elaboration : Time (s): cpu = 00:00:04 ; elapsed = 00:00:08 . Memory (MB): peak = 332.094 ; gain = 124.410
---------------------------------------------------------------------------------

Report Check Netlist: 
+------+------------------+-------+---------+-------+------------------+
|      |Item              |Errors |Warnings |Status |Description       |
+------+------------------+-------+---------+-------+------------------+
|1     |multi_driven_nets |      0|        0|Passed |Multi driven nets |
+------+------------------+-------+---------+-------+------------------+
---------------------------------------------------------------------------------
Finished RTL Optimization Phase 1 : Time (s): cpu = 00:00:05 ; elapsed = 00:00:09 . Memory (MB): peak = 332.094 ; gain = 124.410
---------------------------------------------------------------------------------
INFO: [Device 21-403] Loading part xc7a100tcsg324-1
INFO: [Project 1-570] Preparing netlist for logic optimization

Processing XDC Constraints
Initializing timing engine
Parsing XDC File [H:/EECS_443/Xilinx_Vivado_Projects/lab_4/8-to-3 Priority Encoder/8-to-3 Priority Encoder.srcs/constrs_1/imports/lab_4/Nexys4_Master.xdc]
CRITICAL WARNING: [Designutils 20-1307] Command 'Bank' is not supported in the xdc constraint file. [H:/EECS_443/Xilinx_Vivado_Projects/lab_4/8-to-3 Priority Encoder/8-to-3 Priority Encoder.srcs/constrs_1/imports/lab_4/Nexys4_Master.xdc:13]
CRITICAL WARNING: [Designutils 20-1307] Command 'Bank' is not supported in the xdc constraint file. [H:/EECS_443/Xilinx_Vivado_Projects/lab_4/8-to-3 Priority Encoder/8-to-3 Priority Encoder.srcs/constrs_1/imports/lab_4/Nexys4_Master.xdc:16]
CRITICAL WARNING: [Designutils 20-1307] Command 'Bank' is not supported in the xdc constraint file. [H:/EECS_443/Xilinx_Vivado_Projects/lab_4/8-to-3 Priority Encoder/8-to-3 Priority Encoder.srcs/constrs_1/imports/lab_4/Nexys4_Master.xdc:19]
CRITICAL WARNING: [Designutils 20-1307] Command 'Bank' is not supported in the xdc constraint file. [H:/EECS_443/Xilinx_Vivado_Projects/lab_4/8-to-3 Priority Encoder/8-to-3 Priority Encoder.srcs/constrs_1/imports/lab_4/Nexys4_Master.xdc:22]
CRITICAL WARNING: [Designutils 20-1307] Command 'Bank' is not supported in the xdc constraint file. [H:/EECS_443/Xilinx_Vivado_Projects/lab_4/8-to-3 Priority Encoder/8-to-3 Priority Encoder.srcs/constrs_1/imports/lab_4/Nexys4_Master.xdc:25]
CRITICAL WARNING: [Designutils 20-1307] Command 'Bank' is not supported in the xdc constraint file. [H:/EECS_443/Xilinx_Vivado_Projects/lab_4/8-to-3 Priority Encoder/8-to-3 Priority Encoder.srcs/constrs_1/imports/lab_4/Nexys4_Master.xdc:28]
CRITICAL WARNING: [Designutils 20-1307] Command 'Bank' is not supported in the xdc constraint file. [H:/EECS_443/Xilinx_Vivado_Projects/lab_4/8-to-3 Priority Encoder/8-to-3 Priority Encoder.srcs/constrs_1/imports/lab_4/Nexys4_Master.xdc:31]
CRITICAL WARNING: [Designutils 20-1307] Command 'Bank' is not supported in the xdc constraint file. [H:/EECS_443/Xilinx_Vivado_Projects/lab_4/8-to-3 Priority Encoder/8-to-3 Priority Encoder.srcs/constrs_1/imports/lab_4/Nexys4_Master.xdc:34]
CRITICAL WARNING: [Designutils 20-1307] Command 'Bank' is not supported in the xdc constraint file. [H:/EECS_443/Xilinx_Vivado_Projects/lab_4/8-to-3 Priority Encoder/8-to-3 Priority Encoder.srcs/constrs_1/imports/lab_4/Nexys4_Master.xdc:58]
CRITICAL WARNING: [Designutils 20-1307] Command 'Bank' is not supported in the xdc constraint file. [H:/EECS_443/Xilinx_Vivado_Projects/lab_4/8-to-3 Priority Encoder/8-to-3 Priority Encoder.srcs/constrs_1/imports/lab_4/Nexys4_Master.xdc:64]
CRITICAL WARNING: [Designutils 20-1307] Command 'Bank' is not supported in the xdc constraint file. [H:/EECS_443/Xilinx_Vivado_Projects/lab_4/8-to-3 Priority Encoder/8-to-3 Priority Encoder.srcs/constrs_1/imports/lab_4/Nexys4_Master.xdc:67]
CRITICAL WARNING: [Designutils 20-1307] Command 'Bank' is not supported in the xdc constraint file. [H:/EECS_443/Xilinx_Vivado_Projects/lab_4/8-to-3 Priority Encoder/8-to-3 Priority Encoder.srcs/constrs_1/imports/lab_4/Nexys4_Master.xdc:70]
CRITICAL WARNING: [Designutils 20-1307] Command 'Bank' is not supported in the xdc constraint file. [H:/EECS_443/Xilinx_Vivado_Projects/lab_4/8-to-3 Priority Encoder/8-to-3 Priority Encoder.srcs/constrs_1/imports/lab_4/Nexys4_Master.xdc:73]
Finished Parsing XDC File [H:/EECS_443/Xilinx_Vivado_Projects/lab_4/8-to-3 Priority Encoder/8-to-3 Priority Encoder.srcs/constrs_1/imports/lab_4/Nexys4_Master.xdc]
INFO: [Project 1-236] Implementation specific constraints were found while reading constraint file [H:/EECS_443/Xilinx_Vivado_Projects/lab_4/8-to-3 Priority Encoder/8-to-3 Priority Encoder.srcs/constrs_1/imports/lab_4/Nexys4_Master.xdc]. These constraints will be ignored for synthesis but will be used in implementation. Impacted constraints are listed in the file [.Xil/priority_encoder_propImpl.xdc].
Resolution: To avoid this warning, move constraints listed in [.Xil/priority_encoder_propImpl.xdc] to another XDC file and exclude this new file from synthesis with the used_in_synthesis property (File Properties dialog in GUI) and re-run elaboration/synthesis.
Completed Processing XDC Constraints

INFO: [Project 1-111] Unisim Transformation Summary:
No Unisim elements were transformed.

Constraint Validation Runtime : Time (s): cpu = 00:00:00 ; elapsed = 00:00:00.021 . Memory (MB): peak = 578.195 ; gain = 0.000
---------------------------------------------------------------------------------
Finished Constraint Validation : Time (s): cpu = 00:00:12 ; elapsed = 00:00:31 . Memory (MB): peak = 578.195 ; gain = 370.512
---------------------------------------------------------------------------------
---------------------------------------------------------------------------------
Start Loading Part and Timing Information
---------------------------------------------------------------------------------
Loading part: xc7a100tcsg324-1
---------------------------------------------------------------------------------
Finished Loading Part and Timing Information : Time (s): cpu = 00:00:12 ; elapsed = 00:00:31 . Memory (MB): peak = 578.195 ; gain = 370.512
---------------------------------------------------------------------------------
---------------------------------------------------------------------------------
Start Applying 'set_property' XDC Constraints
---------------------------------------------------------------------------------
---------------------------------------------------------------------------------
Finished applying 'set_property' XDC Constraints : Time (s): cpu = 00:00:12 ; elapsed = 00:00:31 . Memory (MB): peak = 578.195 ; gain = 370.512
---------------------------------------------------------------------------------
---------------------------------------------------------------------------------
Finished RTL Optimization Phase 2 : Time (s): cpu = 00:00:12 ; elapsed = 00:00:31 . Memory (MB): peak = 578.195 ; gain = 370.512
---------------------------------------------------------------------------------

Report RTL Partitions: 
+-+--------------+------------+----------+
| |RTL Partition |Replication |Instances |
+-+--------------+------------+----------+
+-+--------------+------------+----------+
---------------------------------------------------------------------------------
Start RTL Component Statistics 
---------------------------------------------------------------------------------
Detailed RTL Component Info : 
+---Muxes : 
	   7 Input      3 Bit        Muxes := 1     
	   2 Input      3 Bit        Muxes := 1     
---------------------------------------------------------------------------------
Finished RTL Component Statistics 
---------------------------------------------------------------------------------
---------------------------------------------------------------------------------
Start RTL Hierarchical Component Statistics 
---------------------------------------------------------------------------------
Hierarchical RTL Component report 
Module priority_encoder 
Detailed RTL Component Info : 
+---Muxes : 
	   7 Input      3 Bit        Muxes := 1     
	   2 Input      3 Bit        Muxes := 1     
---------------------------------------------------------------------------------
Finished RTL Hierarchical Component Statistics
---------------------------------------------------------------------------------
---------------------------------------------------------------------------------
Start Part Resource Summary
---------------------------------------------------------------------------------
Part Resources:
DSPs: 240 (col length:80)
BRAMs: 270 (col length: RAMB18 80 RAMB36 40)
---------------------------------------------------------------------------------
Finished Part Resource Summary
---------------------------------------------------------------------------------
Start Parallel Synthesis Optimization  : Time (s): cpu = 00:00:12 ; elapsed = 00:00:32 . Memory (MB): peak = 578.195 ; gain = 370.512
---------------------------------------------------------------------------------
Start Cross Boundary Optimization
---------------------------------------------------------------------------------
WARNING: [Synth 8-3331] design priority_encoder has unconnected port S[0]
---------------------------------------------------------------------------------
Finished Cross Boundary Optimization : Time (s): cpu = 00:00:12 ; elapsed = 00:00:32 . Memory (MB): peak = 578.195 ; gain = 370.512
---------------------------------------------------------------------------------
Finished Parallel Reinference  : Time (s): cpu = 00:00:12 ; elapsed = 00:00:32 . Memory (MB): peak = 578.195 ; gain = 370.512

Report RTL Partitions: 
+-+--------------+------------+----------+
| |RTL Partition |Replication |Instances |
+-+--------------+------------+----------+
+-+--------------+------------+----------+
---------------------------------------------------------------------------------
Start Area Optimization
---------------------------------------------------------------------------------
---------------------------------------------------------------------------------
Finished Area Optimization : Time (s): cpu = 00:00:12 ; elapsed = 00:00:32 . Memory (MB): peak = 578.195 ; gain = 370.512
---------------------------------------------------------------------------------
Finished Parallel Area Optimization  : Time (s): cpu = 00:00:12 ; elapsed = 00:00:32 . Memory (MB): peak = 578.195 ; gain = 370.512

Report RTL Partitions: 
+-+--------------+------------+----------+
| |RTL Partition |Replication |Instances |
+-+--------------+------------+----------+
+-+--------------+------------+----------+
---------------------------------------------------------------------------------
Start Timing Optimization
---------------------------------------------------------------------------------
---------------------------------------------------------------------------------
Start Applying XDC Timing Constraints
---------------------------------------------------------------------------------
---------------------------------------------------------------------------------
Finished Applying XDC Timing Constraints : Time (s): cpu = 00:00:21 ; elapsed = 00:00:42 . Memory (MB): peak = 592.605 ; gain = 384.922
---------------------------------------------------------------------------------
---------------------------------------------------------------------------------
Finished Timing Optimization : Time (s): cpu = 00:00:21 ; elapsed = 00:00:42 . Memory (MB): peak = 592.605 ; gain = 384.922
---------------------------------------------------------------------------------

Report RTL Partitions: 
+-+--------------+------------+----------+
| |RTL Partition |Replication |Instances |
+-+--------------+------------+----------+
+-+--------------+------------+----------+
---------------------------------------------------------------------------------
Start Technology Mapping
---------------------------------------------------------------------------------
---------------------------------------------------------------------------------
Finished Technology Mapping : Time (s): cpu = 00:00:21 ; elapsed = 00:00:42 . Memory (MB): peak = 602.336 ; gain = 394.652
---------------------------------------------------------------------------------
Finished Parallel Technology Mapping Optimization  : Time (s): cpu = 00:00:21 ; elapsed = 00:00:42 . Memory (MB): peak = 602.336 ; gain = 394.652

Report RTL Partitions: 
+-+--------------+------------+----------+
| |RTL Partition |Replication |Instances |
+-+--------------+------------+----------+
+-+--------------+------------+----------+
Finished Parallel Synthesis Optimization  : Time (s): cpu = 00:00:21 ; elapsed = 00:00:42 . Memory (MB): peak = 602.336 ; gain = 394.652
---------------------------------------------------------------------------------
Start IO Insertion
---------------------------------------------------------------------------------
---------------------------------------------------------------------------------
Start Flattening Before IO Insertion
---------------------------------------------------------------------------------
---------------------------------------------------------------------------------
Finished Flattening Before IO Insertion
---------------------------------------------------------------------------------
---------------------------------------------------------------------------------
Start Final Netlist Cleanup
---------------------------------------------------------------------------------
---------------------------------------------------------------------------------
Finished Final Netlist Cleanup
---------------------------------------------------------------------------------
---------------------------------------------------------------------------------
Finished IO Insertion : Time (s): cpu = 00:00:22 ; elapsed = 00:00:42 . Memory (MB): peak = 602.336 ; gain = 394.652
---------------------------------------------------------------------------------

Report Check Netlist: 
+------+------------------+-------+---------+-------+------------------+
|      |Item              |Errors |Warnings |Status |Description       |
+------+------------------+-------+---------+-------+------------------+
|1     |multi_driven_nets |      0|        0|Passed |Multi driven nets |
+------+------------------+-------+---------+-------+------------------+
---------------------------------------------------------------------------------
Start Renaming Generated Instances
---------------------------------------------------------------------------------
---------------------------------------------------------------------------------
Finished Renaming Generated Instances : Time (s): cpu = 00:00:22 ; elapsed = 00:00:42 . Memory (MB): peak = 602.336 ; gain = 394.652
---------------------------------------------------------------------------------

Report RTL Partitions: 
+-+--------------+------------+----------+
| |RTL Partition |Replication |Instances |
+-+--------------+------------+----------+
+-+--------------+------------+----------+
---------------------------------------------------------------------------------
Start Rebuilding User Hierarchy
---------------------------------------------------------------------------------
---------------------------------------------------------------------------------
Finished Rebuilding User Hierarchy : Time (s): cpu = 00:00:22 ; elapsed = 00:00:42 . Memory (MB): peak = 602.336 ; gain = 394.652
---------------------------------------------------------------------------------
---------------------------------------------------------------------------------
Start Renaming Generated Ports
---------------------------------------------------------------------------------
---------------------------------------------------------------------------------
Finished Renaming Generated Ports : Time (s): cpu = 00:00:22 ; elapsed = 00:00:42 . Memory (MB): peak = 602.336 ; gain = 394.652
---------------------------------------------------------------------------------
---------------------------------------------------------------------------------
Start Handling Custom Attributes
---------------------------------------------------------------------------------
---------------------------------------------------------------------------------
Finished Handling Custom Attributes : Time (s): cpu = 00:00:22 ; elapsed = 00:00:42 . Memory (MB): peak = 602.336 ; gain = 394.652
---------------------------------------------------------------------------------
---------------------------------------------------------------------------------
Start Renaming Generated Nets
---------------------------------------------------------------------------------
---------------------------------------------------------------------------------
Finished Renaming Generated Nets : Time (s): cpu = 00:00:22 ; elapsed = 00:00:42 . Memory (MB): peak = 602.336 ; gain = 394.652
---------------------------------------------------------------------------------
---------------------------------------------------------------------------------
Start Writing Synthesis Report
---------------------------------------------------------------------------------

Report BlackBoxes: 
+-+--------------+----------+
| |BlackBox name |Instances |
+-+--------------+----------+
+-+--------------+----------+

Report Cell Usage: 
+------+-----+------+
|      |Cell |Count |
+------+-----+------+
|1     |LUT3 |     1|
|2     |LUT4 |     1|
|3     |LUT5 |     3|
|4     |LUT6 |     1|
|5     |IBUF |     8|
|6     |OBUF |     3|
+------+-----+------+

Report Instance Areas: 
+------+---------+-------+------+
|      |Instance |Module |Cells |
+------+---------+-------+------+
|1     |top      |       |    17|
+------+---------+-------+------+
---------------------------------------------------------------------------------
Finished Writing Synthesis Report : Time (s): cpu = 00:00:22 ; elapsed = 00:00:42 . Memory (MB): peak = 602.336 ; gain = 394.652
---------------------------------------------------------------------------------
Synthesis finished with 0 errors, 0 critical warnings and 1 warnings.
Synthesis Optimization Runtime : Time (s): cpu = 00:00:13 ; elapsed = 00:00:20 . Memory (MB): peak = 602.336 ; gain = 138.707
Synthesis Optimization Complete : Time (s): cpu = 00:00:22 ; elapsed = 00:00:43 . Memory (MB): peak = 602.336 ; gain = 394.652
INFO: [Project 1-571] Translating synthesized netlist
INFO: [Netlist 29-17] Analyzing 8 Unisim elements for replacement
INFO: [Netlist 29-28] Unisim Transformation completed in 0 CPU seconds
INFO: [Project 1-570] Preparing netlist for logic optimization
INFO: [Opt 31-138] Pushed 0 inverter(s) to 0 load pin(s).
INFO: [Project 1-111] Unisim Transformation Summary:
No Unisim elements were transformed.

INFO: [Common 17-83] Releasing license: Synthesis
14 Infos, 2 Warnings, 13 Critical Warnings and 0 Errors encountered.
synth_design completed successfully
synth_design: Time (s): cpu = 00:00:22 ; elapsed = 00:00:41 . Memory (MB): peak = 611.953 ; gain = 398.680
report_utilization: Time (s): cpu = 00:00:00 ; elapsed = 00:00:00.028 . Memory (MB): peak = 611.953 ; gain = 0.000
INFO: [Common 17-206] Exiting Vivado at Sun Feb 19 13:54:16 2017...
