#-----------------------------------------------------------
# Vivado v2016.2 (64-bit)
# SW Build 1577090 on Thu Jun  2 16:32:40 MDT 2016
# IP Build 1577682 on Fri Jun  3 12:00:54 MDT 2016
# Start of session at: Wed Feb 08 13:35:37 2017
# Process ID: 8448
# Current directory: H:/EECS_443/Xilinx_Vivado_Projects/lab_3/project_2
# Command line: vivado.exe -gui_launcher_event rodinguilauncherevent10136 H:\EECS_443\Xilinx_Vivado_Projects\lab_3\project_2\project_2.xpr
# Log file: H:/EECS_443/Xilinx_Vivado_Projects/lab_3/project_2/vivado.log
# Journal file: H:/EECS_443/Xilinx_Vivado_Projects/lab_3/project_2\vivado.jou
#-----------------------------------------------------------
start_gui
open_project H:/EECS_443/Xilinx_Vivado_Projects/lab_3/project_2/project_2.xpr
INFO: [Project 1-313] Project file moved from 'H:/EECS_443/Xilinx_Vivado_Projects/lab_2/project_2' since last save.
Scanning sources...
Finished scanning sources
INFO: [IP_Flow 19-234] Refreshing IP repositories
INFO: [IP_Flow 19-1704] No user IP repositories specified
INFO: [IP_Flow 19-2313] Loaded Vivado IP repository 'C:/Xilinx/Vivado/2016.2/data/ip'.
open_project: Time (s): cpu = 00:00:12 ; elapsed = 00:00:17 . Memory (MB): peak = 778.422 ; gain = 156.102
update_compile_order -fileset sources_1
update_compile_order -fileset sim_1
update_compile_order -fileset sim_1
update_compile_order -fileset sim_1
update_compile_order -fileset sim_1
update_compile_order -fileset sim_1
launch_simulation
INFO: [USF-XSim-27] Simulation object is 'sim_1'
INFO: [USF-XSim-37] Inspecting design source files for 'adder_tb' in fileset 'sim_1'...
INFO: [USF-XSim-97] Finding global include files...
INFO: [USF-XSim-98] Fetching design files from 'sim_1'...
INFO: [USF-XSim-2] XSim::Compile design
INFO: [USF-XSim-61] Executing 'COMPILE and ANALYZE' step in 'H:/EECS_443/Xilinx_Vivado_Projects/lab_3/project_2/project_2.sim/sim_1/behav'
"xvhdl -m64 --relax -prj adder_tb_vhdl.prj"
INFO: [VRFC 10-163] Analyzing VHDL file "H:/EECS_443/Xilinx_Vivado_Projects/lab_3/project_2/project_2.srcs/sources_1/new/FULL_ADDER.vhd" into library xil_defaultlib
INFO: [VRFC 10-307] analyzing entity FULL_ADDER
INFO: [VRFC 10-163] Analyzing VHDL file "H:/EECS_443/Xilinx_Vivado_Projects/lab_3/project_2/project_2.srcs/sim_1/new/adder_tb.vhd" into library xil_defaultlib
INFO: [VRFC 10-307] analyzing entity adder_tb
INFO: [USF-XSim-69] 'compile' step finished in '2' seconds
INFO: [USF-XSim-3] XSim::Elaborate design
INFO: [USF-XSim-61] Executing 'ELABORATE' step in 'H:/EECS_443/Xilinx_Vivado_Projects/lab_3/project_2/project_2.sim/sim_1/behav'
Vivado Simulator 2016.2
Copyright 1986-1999, 2001-2016 Xilinx, Inc. All Rights Reserved.
Running: C:/Xilinx/Vivado/2016.2/bin/unwrapped/win64.o/xelab.exe -wto 6eb082f51b934a398c3634c087a99a83 --debug typical --relax --mt 2 -L xil_defaultlib -L secureip --snapshot adder_tb_behav xil_defaultlib.adder_tb -log elaborate.log 
Using 2 slave threads.
Starting static elaboration
Completed static elaboration
Starting simulation data flow analysis
Completed simulation data flow analysis
Time Resolution for simulation is 1ps
Compiling package std.standard
Compiling package ieee.std_logic_1164
Compiling architecture behavioral of entity xil_defaultlib.FULL_ADDER [full_adder_default]
Compiling architecture behavioral of entity xil_defaultlib.adder_tb
Built simulation snapshot adder_tb_behav
INFO: [USF-XSim-69] 'elaborate' step finished in '2' seconds
INFO: [USF-XSim-4] XSim::Simulate design
INFO: [USF-XSim-61] Executing 'SIMULATE' step in 'H:/EECS_443/Xilinx_Vivado_Projects/lab_3/project_2/project_2.sim/sim_1/behav'
INFO: [USF-XSim-98] *** Running xsim
   with args "adder_tb_behav -key {Behavioral:sim_1:Functional:adder_tb} -tclbatch {adder_tb.tcl} -log {simulate.log}"
INFO: [USF-XSim-8] Loading simulator feature
Vivado Simulator 2016.2
Time resolution is 1 ps
source adder_tb.tcl
# set curr_wave [current_wave_config]
# if { [string length $curr_wave] == 0 } {
#   if { [llength [get_objects]] > 0} {
#     add_wave /
#     set_property needs_save false [current_wave_config]
#   } else {
#      send_msg_id Add_Wave-1 WARNING "No top level signals found. Simulator will start without a wave window. If you want to open a wave window go to 'File->New Waveform Configuration' or type 'create_wave_config' in the TCL console."
#   }
# }
# run 1000ns
INFO: [USF-XSim-96] XSim completed. Design snapshot 'adder_tb_behav' loaded.
INFO: [USF-XSim-97] XSim simulation ran for 1000ns
launch_simulation: Time (s): cpu = 00:00:05 ; elapsed = 00:00:14 . Memory (MB): peak = 801.895 ; gain = 0.000
save_wave_config {H:/EECS_443/Xilinx_Vivado_Projects/lab_3/project_2/adder_tb_behav.wcfg}
add_files -fileset sim_1 -norecurse H:/EECS_443/Xilinx_Vivado_Projects/lab_3/project_2/adder_tb_behav.wcfg
set_property xsim.view H:/EECS_443/Xilinx_Vivado_Projects/lab_3/project_2/adder_tb_behav.wcfg [get_filesets sim_1]
close_sim
INFO: [Simtcl 6-16] Simulation closed
exit
INFO: [Common 17-206] Exiting Vivado at Wed Feb 08 13:56:58 2017...
