#-----------------------------------------------------------
# Vivado v2016.2 (64-bit)
# SW Build 1577090 on Thu Jun  2 16:32:40 MDT 2016
# IP Build 1577682 on Fri Jun  3 12:00:54 MDT 2016
# Start of session at: Wed Feb 08 14:50:44 2017
# Process ID: 4016
# Current directory: H:/EECS_443/Xilinx_Vivado_Projects/lab_3/4_BIT_COMPARATOR
# Command line: vivado.exe -gui_launcher_event rodinguilauncherevent6824 H:\EECS_443\Xilinx_Vivado_Projects\lab_3\4_BIT_COMPARATOR\4_BIT_COMPARATOR.xpr
# Log file: H:/EECS_443/Xilinx_Vivado_Projects/lab_3/4_BIT_COMPARATOR/vivado.log
# Journal file: H:/EECS_443/Xilinx_Vivado_Projects/lab_3/4_BIT_COMPARATOR\vivado.jou
#-----------------------------------------------------------
start_gui
open_project H:/EECS_443/Xilinx_Vivado_Projects/lab_3/4_BIT_COMPARATOR/4_BIT_COMPARATOR.xpr
Scanning sources...
Finished scanning sources
INFO: [IP_Flow 19-234] Refreshing IP repositories
INFO: [IP_Flow 19-1704] No user IP repositories specified
INFO: [IP_Flow 19-2313] Loaded Vivado IP repository 'C:/Xilinx/Vivado/2016.2/data/ip'.
open_project: Time (s): cpu = 00:00:12 ; elapsed = 00:00:12 . Memory (MB): peak = 779.152 ; gain = 117.219
update_compile_order -fileset sources_1
launch_simulation
INFO: [USF-XSim-27] Simulation object is 'sim_1'
INFO: [USF-XSim-37] Inspecting design source files for 'Comparator_tb' in fileset 'sim_1'...
INFO: [USF-XSim-97] Finding global include files...
INFO: [USF-XSim-98] Fetching design files from 'sim_1'...
INFO: [USF-XSim-2] XSim::Compile design
INFO: [USF-XSim-61] Executing 'COMPILE and ANALYZE' step in 'H:/EECS_443/Xilinx_Vivado_Projects/lab_3/4_BIT_COMPARATOR/4_BIT_COMPARATOR.sim/sim_1/behav'
"xvhdl -m64 --relax -prj Comparator_tb_vhdl.prj"
INFO: [VRFC 10-163] Analyzing VHDL file "H:/EECS_443/Xilinx_Vivado_Projects/lab_3/4_BIT_COMPARATOR/4_BIT_COMPARATOR.srcs/sources_1/new/four_BIT_COMPARATOR.vhd" into library xil_defaultlib
INFO: [VRFC 10-307] analyzing entity four_BIT_COMPARATOR
INFO: [VRFC 10-163] Analyzing VHDL file "H:/EECS_443/Xilinx_Vivado_Projects/lab_3/4_BIT_COMPARATOR/4_BIT_COMPARATOR.srcs/sim_1/new/Comparator_tb.vhd" into library xil_defaultlib
INFO: [VRFC 10-307] analyzing entity Comparator_tb
INFO: [USF-XSim-69] 'compile' step finished in '1' seconds
INFO: [USF-XSim-3] XSim::Elaborate design
INFO: [USF-XSim-61] Executing 'ELABORATE' step in 'H:/EECS_443/Xilinx_Vivado_Projects/lab_3/4_BIT_COMPARATOR/4_BIT_COMPARATOR.sim/sim_1/behav'
Vivado Simulator 2016.2
Copyright 1986-1999, 2001-2016 Xilinx, Inc. All Rights Reserved.
Running: C:/Xilinx/Vivado/2016.2/bin/unwrapped/win64.o/xelab.exe -wto bdb1e1e7d3a24fcb8cdf343eed8afba2 --debug typical --relax --mt 2 -L xil_defaultlib -L secureip --snapshot Comparator_tb_behav xil_defaultlib.Comparator_tb -log elaborate.log 
Using 2 slave threads.
Starting static elaboration
Completed static elaboration
Starting simulation data flow analysis
Completed simulation data flow analysis
Time Resolution for simulation is 1ps
Compiling package std.standard
Compiling package ieee.std_logic_1164
Compiling architecture behavioral of entity xil_defaultlib.four_BIT_COMPARATOR [four_bit_comparator_default]
Compiling architecture behavioral of entity xil_defaultlib.comparator_tb
Built simulation snapshot Comparator_tb_behav
INFO: [USF-XSim-69] 'elaborate' step finished in '2' seconds
INFO: [USF-XSim-4] XSim::Simulate design
INFO: [USF-XSim-61] Executing 'SIMULATE' step in 'H:/EECS_443/Xilinx_Vivado_Projects/lab_3/4_BIT_COMPARATOR/4_BIT_COMPARATOR.sim/sim_1/behav'
INFO: [USF-XSim-98] *** Running xsim
   with args "Comparator_tb_behav -key {Behavioral:sim_1:Functional:Comparator_tb} -tclbatch {Comparator_tb.tcl} -view {H:/EECS_443/Xilinx_Vivado_Projects/lab_3/4_BIT_COMPARATOR/Comparator_tb_behav.wcfg} -log {simulate.log}"
INFO: [USF-XSim-8] Loading simulator feature
Vivado Simulator 2016.2
Time resolution is 1 ps
open_wave_config H:/EECS_443/Xilinx_Vivado_Projects/lab_3/4_BIT_COMPARATOR/Comparator_tb_behav.wcfg
source Comparator_tb.tcl
# set curr_wave [current_wave_config]
# if { [string length $curr_wave] == 0 } {
#   if { [llength [get_objects]] > 0} {
#     add_wave /
#     set_property needs_save false [current_wave_config]
#   } else {
#      send_msg_id Add_Wave-1 WARNING "No top level signals found. Simulator will start without a wave window. If you want to open a wave window go to 'File->New Waveform Configuration' or type 'create_wave_config' in the TCL console."
#   }
# }
# run 1000ns
INFO: [USF-XSim-96] XSim completed. Design snapshot 'Comparator_tb_behav' loaded.
INFO: [USF-XSim-97] XSim simulation ran for 1000ns
launch_simulation: Time (s): cpu = 00:00:03 ; elapsed = 00:00:11 . Memory (MB): peak = 801.969 ; gain = 3.324
save_wave_config {H:/EECS_443/Xilinx_Vivado_Projects/lab_3/4_BIT_COMPARATOR/Comparator_tb_behav.wcfg}
close_sim
INFO: [Simtcl 6-16] Simulation closed
exit
INFO: [Common 17-206] Exiting Vivado at Wed Feb 08 15:35:47 2017...
